Determining if the function crc32c_value exists in the crc32c failed with the following output:
Change Dir: C:/Users/daiyi/Desktop/Research/temp/leveldb/cmake-build-debug/CMakeFiles/CMakeTmp

Run Build Command(s):C:/TDM-GCC-64/bin/mingw32-make.exe cmTC_d1f56/fast && C:/TDM-GCC-64/bin/mingw32-make.exe -f CMakeFiles\cmTC_d1f56.dir\build.make CMakeFiles/cmTC_d1f56.dir/build
mingw32-make.exe[1]: Entering directory 'C:/Users/daiyi/Desktop/Research/temp/leveldb/cmake-build-debug/CMakeFiles/CMakeTmp'
Building C object CMakeFiles/cmTC_d1f56.dir/CheckFunctionExists.c.obj
C:\TDM-GCC-64\bin\gcc.exe   -DCHECK_FUNCTION_EXISTS=crc32c_value   -o CMakeFiles\cmTC_d1f56.dir\CheckFunctionExists.c.obj   -c "C:\Program Files\JetBrains\CLion 2019.3.3\bin\cmake\win\share\cmake-3.15\Modules\CheckFunctionExists.c"
Linking C executable cmTC_d1f56.exe
"C:\Program Files\JetBrains\CLion 2019.3.3\bin\cmake\win\bin\cmake.exe" -E cmake_link_script CMakeFiles\cmTC_d1f56.dir\link.txt --verbose=1
"C:\Program Files\JetBrains\CLion 2019.3.3\bin\cmake\win\bin\cmake.exe" -E remove -f CMakeFiles\cmTC_d1f56.dir/objects.a
C:\TDM-GCC-64\bin\ar.exe cr CMakeFiles\cmTC_d1f56.dir/objects.a @CMakeFiles\cmTC_d1f56.dir\objects1.rsp
C:\TDM-GCC-64\bin\gcc.exe  -DCHECK_FUNCTION_EXISTS=crc32c_value    -Wl,--whole-archive CMakeFiles\cmTC_d1f56.dir/objects.a -Wl,--no-whole-archive  -o cmTC_d1f56.exe -Wl,--out-implib,libcmTC_d1f56.dll.a -Wl,--major-image-version,0,--minor-image-version,0 @CMakeFiles\cmTC_d1f56.dir\linklibs.rsp
C:/TDM-GCC-64/bin/../lib/gcc/x86_64-w64-mingw32/5.1.0/../../../../x86_64-w64-mingw32/bin/ld.exe: cannot find -lcrc32c
collect2.exe: error: ld returned 1 exit status
CMakeFiles\cmTC_d1f56.dir\build.make:87: recipe for target 'cmTC_d1f56.exe' failed
mingw32-make.exe[1]: *** [cmTC_d1f56.exe] Error 1
mingw32-make.exe[1]: Leaving directory 'C:/Users/daiyi/Desktop/Research/temp/leveldb/cmake-build-debug/CMakeFiles/CMakeTmp'
Makefile:120: recipe for target 'cmTC_d1f56/fast' failed
mingw32-make.exe: *** [cmTC_d1f56/fast] Error 2



Determining if the function snappy_compress exists in the snappy failed with the following output:
Change Dir: C:/Users/daiyi/Desktop/Research/temp/leveldb/cmake-build-debug/CMakeFiles/CMakeTmp

Run Build Command(s):C:/TDM-GCC-64/bin/mingw32-make.exe cmTC_9a26f/fast && C:/TDM-GCC-64/bin/mingw32-make.exe -f CMakeFiles\cmTC_9a26f.dir\build.make CMakeFiles/cmTC_9a26f.dir/build
mingw32-make.exe[1]: Entering directory 'C:/Users/daiyi/Desktop/Research/temp/leveldb/cmake-build-debug/CMakeFiles/CMakeTmp'
Building C object CMakeFiles/cmTC_9a26f.dir/CheckFunctionExists.c.obj
C:\TDM-GCC-64\bin\gcc.exe   -DCHECK_FUNCTION_EXISTS=snappy_compress   -o CMakeFiles\cmTC_9a26f.dir\CheckFunctionExists.c.obj   -c "C:\Program Files\JetBrains\CLion 2019.3.3\bin\cmake\win\share\cmake-3.15\Modules\CheckFunctionExists.c"
Linking C executable cmTC_9a26f.exe
"C:\Program Files\JetBrains\CLion 2019.3.3\bin\cmake\win\bin\cmake.exe" -E cmake_link_script CMakeFiles\cmTC_9a26f.dir\link.txt --verbose=1
"C:\Program Files\JetBrains\CLion 2019.3.3\bin\cmake\win\bin\cmake.exe" -E remove -f CMakeFiles\cmTC_9a26f.dir/objects.a
C:\TDM-GCC-64\bin\ar.exe cr CMakeFiles\cmTC_9a26f.dir/objects.a @CMakeFiles\cmTC_9a26f.dir\objects1.rsp
C:\TDM-GCC-64\bin\gcc.exe  -DCHECK_FUNCTION_EXISTS=snappy_compress    -Wl,--whole-archive CMakeFiles\cmTC_9a26f.dir/objects.a -Wl,--no-whole-archive  -o cmTC_9a26f.exe -Wl,--out-implib,libcmTC_9a26f.dll.a -Wl,--major-image-version,0,--minor-image-version,0 @CMakeFiles\cmTC_9a26f.dir\linklibs.rsp
C:/TDM-GCC-64/bin/../lib/gcc/x86_64-w64-mingw32/5.1.0/../../../../x86_64-w64-mingw32/bin/ld.exe: cannot find -lsnappy
collect2.exe: error: ld returned 1 exit status
CMakeFiles\cmTC_9a26f.dir\build.make:87: recipe for target 'cmTC_9a26f.exe' failed
mingw32-make.exe[1]: *** [cmTC_9a26f.exe] Error 1
mingw32-make.exe[1]: Leaving directory 'C:/Users/daiyi/Desktop/Research/temp/leveldb/cmake-build-debug/CMakeFiles/CMakeTmp'
Makefile:120: recipe for target 'cmTC_9a26f/fast' failed
mingw32-make.exe: *** [cmTC_9a26f/fast] Error 2



Determining if the function malloc exists in the tcmalloc failed with the following output:
Change Dir: C:/Users/daiyi/Desktop/Research/temp/leveldb/cmake-build-debug/CMakeFiles/CMakeTmp

Run Build Command(s):C:/TDM-GCC-64/bin/mingw32-make.exe cmTC_d79f9/fast && C:/TDM-GCC-64/bin/mingw32-make.exe -f CMakeFiles\cmTC_d79f9.dir\build.make CMakeFiles/cmTC_d79f9.dir/build
mingw32-make.exe[1]: Entering directory 'C:/Users/daiyi/Desktop/Research/temp/leveldb/cmake-build-debug/CMakeFiles/CMakeTmp'
Building C object CMakeFiles/cmTC_d79f9.dir/CheckFunctionExists.c.obj
C:\TDM-GCC-64\bin\gcc.exe   -DCHECK_FUNCTION_EXISTS=malloc   -o CMakeFiles\cmTC_d79f9.dir\CheckFunctionExists.c.obj   -c "C:\Program Files\JetBrains\CLion 2019.3.3\bin\cmake\win\share\cmake-3.15\Modules\CheckFunctionExists.c"
<command-line>:0:23: warning: conflicting types for built-in function 'malloc'
C:\Program Files\JetBrains\CLion 2019.3.3\bin\cmake\win\share\cmake-3.15\Modules\CheckFunctionExists.c:7:3: note: in expansion of macro 'CHECK_FUNCTION_EXISTS'
   CHECK_FUNCTION_EXISTS(void);
   ^
Linking C executable cmTC_d79f9.exe
"C:\Program Files\JetBrains\CLion 2019.3.3\bin\cmake\win\bin\cmake.exe" -E cmake_link_script CMakeFiles\cmTC_d79f9.dir\link.txt --verbose=1
"C:\Program Files\JetBrains\CLion 2019.3.3\bin\cmake\win\bin\cmake.exe" -E remove -f CMakeFiles\cmTC_d79f9.dir/objects.a
C:\TDM-GCC-64\bin\ar.exe cr CMakeFiles\cmTC_d79f9.dir/objects.a @CMakeFiles\cmTC_d79f9.dir\objects1.rsp
C:\TDM-GCC-64\bin\gcc.exe  -DCHECK_FUNCTION_EXISTS=malloc    -Wl,--whole-archive CMakeFiles\cmTC_d79f9.dir/objects.a -Wl,--no-whole-archive  -o cmTC_d79f9.exe -Wl,--out-implib,libcmTC_d79f9.dll.a -Wl,--major-image-version,0,--minor-image-version,0 @CMakeFiles\cmTC_d79f9.dir\linklibs.rsp
C:/TDM-GCC-64/bin/../lib/gcc/x86_64-w64-mingw32/5.1.0/../../../../x86_64-w64-mingw32/bin/ld.exe: cannot find -ltcmalloc
collect2.exe: error: ld returned 1 exit status
CMakeFiles\cmTC_d79f9.dir\build.make:87: recipe for target 'cmTC_d79f9.exe' failed
mingw32-make.exe[1]: *** [cmTC_d79f9.exe] Error 1
mingw32-make.exe[1]: Leaving directory 'C:/Users/daiyi/Desktop/Research/temp/leveldb/cmake-build-debug/CMakeFiles/CMakeTmp'
Makefile:120: recipe for target 'cmTC_d79f9/fast' failed
mingw32-make.exe: *** [cmTC_d79f9/fast] Error 2



Determining if the fdatasync exist failed with the following output:
Change Dir: C:/Users/daiyi/Desktop/Research/temp/leveldb/cmake-build-debug/CMakeFiles/CMakeTmp

Run Build Command(s):C:/TDM-GCC-64/bin/mingw32-make.exe cmTC_4c0df/fast && C:/TDM-GCC-64/bin/mingw32-make.exe -f CMakeFiles\cmTC_4c0df.dir\build.make CMakeFiles/cmTC_4c0df.dir/build
mingw32-make.exe[1]: Entering directory 'C:/Users/daiyi/Desktop/Research/temp/leveldb/cmake-build-debug/CMakeFiles/CMakeTmp'
Building CXX object CMakeFiles/cmTC_4c0df.dir/CheckSymbolExists.cxx.obj
C:\TDM-GCC-64\bin\g++.exe     -o CMakeFiles\cmTC_4c0df.dir\CheckSymbolExists.cxx.obj -c C:\Users\daiyi\Desktop\Research\temp\leveldb\cmake-build-debug\CMakeFiles\CMakeTmp\CheckSymbolExists.cxx
C:\Users\daiyi\Desktop\Research\temp\leveldb\cmake-build-debug\CMakeFiles\CMakeTmp\CheckSymbolExists.cxx: In function 'int main(int, char**)':
C:\Users\daiyi\Desktop\Research\temp\leveldb\cmake-build-debug\CMakeFiles\CMakeTmp\CheckSymbolExists.cxx:8:19: error: 'fdatasync' was not declared in this scope
   return ((int*)(&fdatasync))[argc];
                   ^
CMakeFiles\cmTC_4c0df.dir\build.make:64: recipe for target 'CMakeFiles/cmTC_4c0df.dir/CheckSymbolExists.cxx.obj' failed
mingw32-make.exe[1]: *** [CMakeFiles/cmTC_4c0df.dir/CheckSymbolExists.cxx.obj] Error 1
mingw32-make.exe[1]: Leaving directory 'C:/Users/daiyi/Desktop/Research/temp/leveldb/cmake-build-debug/CMakeFiles/CMakeTmp'
Makefile:120: recipe for target 'cmTC_4c0df/fast' failed
mingw32-make.exe: *** [cmTC_4c0df/fast] Error 2


File C:/Users/daiyi/Desktop/Research/temp/leveldb/cmake-build-debug/CMakeFiles/CMakeTmp/CheckSymbolExists.cxx:
/* */
#include <unistd.h>

int main(int argc, char** argv)
{
  (void)argv;
#ifndef fdatasync
  return ((int*)(&fdatasync))[argc];
#else
  (void)argc;
  return 0;
#endif
}

Determining if the F_FULLFSYNC exist failed with the following output:
Change Dir: C:/Users/daiyi/Desktop/Research/temp/leveldb/cmake-build-debug/CMakeFiles/CMakeTmp

Run Build Command(s):C:/TDM-GCC-64/bin/mingw32-make.exe cmTC_ed33f/fast && C:/TDM-GCC-64/bin/mingw32-make.exe -f CMakeFiles\cmTC_ed33f.dir\build.make CMakeFiles/cmTC_ed33f.dir/build
mingw32-make.exe[1]: Entering directory 'C:/Users/daiyi/Desktop/Research/temp/leveldb/cmake-build-debug/CMakeFiles/CMakeTmp'
Building CXX object CMakeFiles/cmTC_ed33f.dir/CheckSymbolExists.cxx.obj
C:\TDM-GCC-64\bin\g++.exe     -o CMakeFiles\cmTC_ed33f.dir\CheckSymbolExists.cxx.obj -c C:\Users\daiyi\Desktop\Research\temp\leveldb\cmake-build-debug\CMakeFiles\CMakeTmp\CheckSymbolExists.cxx
C:\Users\daiyi\Desktop\Research\temp\leveldb\cmake-build-debug\CMakeFiles\CMakeTmp\CheckSymbolExists.cxx: In function 'int main(int, char**)':
C:\Users\daiyi\Desktop\Research\temp\leveldb\cmake-build-debug\CMakeFiles\CMakeTmp\CheckSymbolExists.cxx:8:19: error: 'F_FULLFSYNC' was not declared in this scope
   return ((int*)(&F_FULLFSYNC))[argc];
                   ^
CMakeFiles\cmTC_ed33f.dir\build.make:64: recipe for target 'CMakeFiles/cmTC_ed33f.dir/CheckSymbolExists.cxx.obj' failed
mingw32-make.exe[1]: *** [CMakeFiles/cmTC_ed33f.dir/CheckSymbolExists.cxx.obj] Error 1
mingw32-make.exe[1]: Leaving directory 'C:/Users/daiyi/Desktop/Research/temp/leveldb/cmake-build-debug/CMakeFiles/CMakeTmp'
Makefile:120: recipe for target 'cmTC_ed33f/fast' failed
mingw32-make.exe: *** [cmTC_ed33f/fast] Error 2


File C:/Users/daiyi/Desktop/Research/temp/leveldb/cmake-build-debug/CMakeFiles/CMakeTmp/CheckSymbolExists.cxx:
/* */
#include <fcntl.h>

int main(int argc, char** argv)
{
  (void)argv;
#ifndef F_FULLFSYNC
  return ((int*)(&F_FULLFSYNC))[argc];
#else
  (void)argc;
  return 0;
#endif
}

Performing C++ SOURCE FILE Test HAVE_CLANG_THREAD_SAFETY failed with the following output:
Change Dir: C:/Users/daiyi/Desktop/Research/temp/leveldb/cmake-build-debug/CMakeFiles/CMakeTmp

Run Build Command(s):C:/TDM-GCC-64/bin/mingw32-make.exe cmTC_963c0/fast && C:/TDM-GCC-64/bin/mingw32-make.exe -f CMakeFiles\cmTC_963c0.dir\build.make CMakeFiles/cmTC_963c0.dir/build
mingw32-make.exe[1]: Entering directory 'C:/Users/daiyi/Desktop/Research/temp/leveldb/cmake-build-debug/CMakeFiles/CMakeTmp'
Building CXX object CMakeFiles/cmTC_963c0.dir/src.cxx.obj
C:\TDM-GCC-64\bin\g++.exe    -DHAVE_CLANG_THREAD_SAFETY -Werror   -o CMakeFiles\cmTC_963c0.dir\src.cxx.obj -c C:\Users\daiyi\Desktop\Research\temp\leveldb\cmake-build-debug\CMakeFiles\CMakeTmp\src.cxx
C:\Users\daiyi\Desktop\Research\temp\leveldb\cmake-build-debug\CMakeFiles\CMakeTmp\src.cxx:2:34: error: 'lockable' attribute directive ignored [-Werror=attributes]
 struct __attribute__((lockable)) Lock {
                                  ^
C:\Users\daiyi\Desktop\Research\temp\leveldb\cmake-build-debug\CMakeFiles\CMakeTmp\src.cxx:3:59: error: 'exclusive_lock_function' attribute directive ignored [-Werror=attributes]
   void Acquire() __attribute__((exclusive_lock_function()));
                                                           ^
C:\Users\daiyi\Desktop\Research\temp\leveldb\cmake-build-debug\CMakeFiles\CMakeTmp\src.cxx:4:51: error: 'unlock_function' attribute directive ignored [-Werror=attributes]
   void Release() __attribute__((unlock_function()));
                                                   ^
C:\Users\daiyi\Desktop\Research\temp\leveldb\cmake-build-debug\CMakeFiles\CMakeTmp\src.cxx:8:46: error: 'guarded_by' attribute directive ignored [-Werror=attributes]
   int data_ __attribute__((guarded_by(lock_)));
                                              ^
cc1plus.exe: all warnings being treated as errors
CMakeFiles\cmTC_963c0.dir\build.make:64: recipe for target 'CMakeFiles/cmTC_963c0.dir/src.cxx.obj' failed
mingw32-make.exe[1]: *** [CMakeFiles/cmTC_963c0.dir/src.cxx.obj] Error 1
mingw32-make.exe[1]: Leaving directory 'C:/Users/daiyi/Desktop/Research/temp/leveldb/cmake-build-debug/CMakeFiles/CMakeTmp'
Makefile:120: recipe for target 'cmTC_963c0/fast' failed
mingw32-make.exe: *** [cmTC_963c0/fast] Error 2


Source file was:

struct __attribute__((lockable)) Lock {
  void Acquire() __attribute__((exclusive_lock_function()));
  void Release() __attribute__((unlock_function()));
};
struct ThreadSafeType {
  Lock lock_;
  int data_ __attribute__((guarded_by(lock_)));
};
int main() { return 0; }

Determining if the function sqlite3_open exists in the sqlite3 failed with the following output:
Change Dir: C:/Users/daiyi/Desktop/Research/temp/leveldb/cmake-build-debug/CMakeFiles/CMakeTmp

Run Build Command(s):C:/TDM-GCC-64/bin/mingw32-make.exe cmTC_93013/fast && C:/TDM-GCC-64/bin/mingw32-make.exe -f CMakeFiles\cmTC_93013.dir\build.make CMakeFiles/cmTC_93013.dir/build
mingw32-make.exe[1]: Entering directory 'C:/Users/daiyi/Desktop/Research/temp/leveldb/cmake-build-debug/CMakeFiles/CMakeTmp'
Building C object CMakeFiles/cmTC_93013.dir/CheckFunctionExists.c.obj
C:\TDM-GCC-64\bin\gcc.exe   -DCHECK_FUNCTION_EXISTS=sqlite3_open   -o CMakeFiles\cmTC_93013.dir\CheckFunctionExists.c.obj   -c "C:\Program Files\JetBrains\CLion 2019.3.3\bin\cmake\win\share\cmake-3.15\Modules\CheckFunctionExists.c"
Linking C executable cmTC_93013.exe
"C:\Program Files\JetBrains\CLion 2019.3.3\bin\cmake\win\bin\cmake.exe" -E cmake_link_script CMakeFiles\cmTC_93013.dir\link.txt --verbose=1
"C:\Program Files\JetBrains\CLion 2019.3.3\bin\cmake\win\bin\cmake.exe" -E remove -f CMakeFiles\cmTC_93013.dir/objects.a
C:\TDM-GCC-64\bin\ar.exe cr CMakeFiles\cmTC_93013.dir/objects.a @CMakeFiles\cmTC_93013.dir\objects1.rsp
C:\TDM-GCC-64\bin\gcc.exe  -DCHECK_FUNCTION_EXISTS=sqlite3_open    -Wl,--whole-archive CMakeFiles\cmTC_93013.dir/objects.a -Wl,--no-whole-archive  -o cmTC_93013.exe -Wl,--out-implib,libcmTC_93013.dll.a -Wl,--major-image-version,0,--minor-image-version,0 @CMakeFiles\cmTC_93013.dir\linklibs.rsp
C:/TDM-GCC-64/bin/../lib/gcc/x86_64-w64-mingw32/5.1.0/../../../../x86_64-w64-mingw32/bin/ld.exe: cannot find -lsqlite3
collect2.exe: error: ld returned 1 exit status
CMakeFiles\cmTC_93013.dir\build.make:87: recipe for target 'cmTC_93013.exe' failed
mingw32-make.exe[1]: *** [cmTC_93013.exe] Error 1
mingw32-make.exe[1]: Leaving directory 'C:/Users/daiyi/Desktop/Research/temp/leveldb/cmake-build-debug/CMakeFiles/CMakeTmp'
Makefile:120: recipe for target 'cmTC_93013/fast' failed
mingw32-make.exe: *** [cmTC_93013/fast] Error 2



Performing C++ SOURCE FILE Test HAVE_KYOTOCABINET failed with the following output:
Change Dir: C:/Users/daiyi/Desktop/Research/temp/leveldb/cmake-build-debug/CMakeFiles/CMakeTmp

Run Build Command(s):C:/TDM-GCC-64/bin/mingw32-make.exe cmTC_40547/fast && C:/TDM-GCC-64/bin/mingw32-make.exe -f CMakeFiles\cmTC_40547.dir\build.make CMakeFiles/cmTC_40547.dir/build
mingw32-make.exe[1]: Entering directory 'C:/Users/daiyi/Desktop/Research/temp/leveldb/cmake-build-debug/CMakeFiles/CMakeTmp'
Building CXX object CMakeFiles/cmTC_40547.dir/src.cxx.obj
C:\TDM-GCC-64\bin\g++.exe    -DHAVE_KYOTOCABINET   -o CMakeFiles\cmTC_40547.dir\src.cxx.obj -c C:\Users\daiyi\Desktop\Research\temp\leveldb\cmake-build-debug\CMakeFiles\CMakeTmp\src.cxx
C:\Users\daiyi\Desktop\Research\temp\leveldb\cmake-build-debug\CMakeFiles\CMakeTmp\src.cxx:2:22: fatal error: kcpolydb.h: No such file or directory
compilation terminated.
CMakeFiles\cmTC_40547.dir\build.make:64: recipe for target 'CMakeFiles/cmTC_40547.dir/src.cxx.obj' failed
mingw32-make.exe[1]: *** [CMakeFiles/cmTC_40547.dir/src.cxx.obj] Error 1
mingw32-make.exe[1]: Leaving directory 'C:/Users/daiyi/Desktop/Research/temp/leveldb/cmake-build-debug/CMakeFiles/CMakeTmp'
Makefile:120: recipe for target 'cmTC_40547/fast' failed
mingw32-make.exe: *** [cmTC_40547/fast] Error 2


Source file was:

#include <kcpolydb.h>

int main() {
  kyotocabinet::TreeDB* db = new kyotocabinet::TreeDB();
  delete db;
  return 0;
}
  
