Determining if the function crc32c_value exists in the crc32c failed with the following output:
Change Dir: /users/yifann/research/leveldb/leveldb/cmake-build-remote/CMakeFiles/CMakeTmp

Run Build Command(s):/usr/bin/make cmTC_fec37/fast && /usr/bin/make -f CMakeFiles/cmTC_fec37.dir/build.make CMakeFiles/cmTC_fec37.dir/build
make[1]: Entering directory '/users/yifann/research/leveldb/leveldb/cmake-build-remote/CMakeFiles/CMakeTmp'
Building C object CMakeFiles/cmTC_fec37.dir/CheckFunctionExists.c.o
/usr/bin/cc   -DCHECK_FUNCTION_EXISTS=crc32c_value   -o CMakeFiles/cmTC_fec37.dir/CheckFunctionExists.c.o   -c /usr/local/share/cmake-3.15/Modules/CheckFunctionExists.c
Linking C executable cmTC_fec37
/usr/local/bin/cmake -E cmake_link_script CMakeFiles/cmTC_fec37.dir/link.txt --verbose=1
/usr/bin/cc  -DCHECK_FUNCTION_EXISTS=crc32c_value    CMakeFiles/cmTC_fec37.dir/CheckFunctionExists.c.o  -o cmTC_fec37 -lcrc32c 
/usr/bin/ld: cannot find -lcrc32c
collect2: error: ld returned 1 exit status
CMakeFiles/cmTC_fec37.dir/build.make:86: recipe for target 'cmTC_fec37' failed
make[1]: *** [cmTC_fec37] Error 1
make[1]: Leaving directory '/users/yifann/research/leveldb/leveldb/cmake-build-remote/CMakeFiles/CMakeTmp'
Makefile:121: recipe for target 'cmTC_fec37/fast' failed
make: *** [cmTC_fec37/fast] Error 2



Determining if the function snappy_compress exists in the snappy failed with the following output:
Change Dir: /users/yifann/research/leveldb/leveldb/cmake-build-remote/CMakeFiles/CMakeTmp

Run Build Command(s):/usr/bin/make cmTC_cdf77/fast && /usr/bin/make -f CMakeFiles/cmTC_cdf77.dir/build.make CMakeFiles/cmTC_cdf77.dir/build
make[1]: Entering directory '/users/yifann/research/leveldb/leveldb/cmake-build-remote/CMakeFiles/CMakeTmp'
Building C object CMakeFiles/cmTC_cdf77.dir/CheckFunctionExists.c.o
/usr/bin/cc   -DCHECK_FUNCTION_EXISTS=snappy_compress   -o CMakeFiles/cmTC_cdf77.dir/CheckFunctionExists.c.o   -c /usr/local/share/cmake-3.15/Modules/CheckFunctionExists.c
Linking C executable cmTC_cdf77
/usr/local/bin/cmake -E cmake_link_script CMakeFiles/cmTC_cdf77.dir/link.txt --verbose=1
/usr/bin/cc  -DCHECK_FUNCTION_EXISTS=snappy_compress    CMakeFiles/cmTC_cdf77.dir/CheckFunctionExists.c.o  -o cmTC_cdf77 -lsnappy 
/usr/bin/ld: cannot find -lsnappy
collect2: error: ld returned 1 exit status
CMakeFiles/cmTC_cdf77.dir/build.make:86: recipe for target 'cmTC_cdf77' failed
make[1]: *** [cmTC_cdf77] Error 1
make[1]: Leaving directory '/users/yifann/research/leveldb/leveldb/cmake-build-remote/CMakeFiles/CMakeTmp'
Makefile:121: recipe for target 'cmTC_cdf77/fast' failed
make: *** [cmTC_cdf77/fast] Error 2



Determining if the F_FULLFSYNC exist failed with the following output:
Change Dir: /users/yifann/research/leveldb/leveldb/cmake-build-remote/CMakeFiles/CMakeTmp

Run Build Command(s):/usr/bin/make cmTC_11f67/fast && /usr/bin/make -f CMakeFiles/cmTC_11f67.dir/build.make CMakeFiles/cmTC_11f67.dir/build
make[1]: Entering directory '/users/yifann/research/leveldb/leveldb/cmake-build-remote/CMakeFiles/CMakeTmp'
Building CXX object CMakeFiles/cmTC_11f67.dir/CheckSymbolExists.cxx.o
/usr/bin/c++     -o CMakeFiles/cmTC_11f67.dir/CheckSymbolExists.cxx.o -c /users/yifann/research/leveldb/leveldb/cmake-build-remote/CMakeFiles/CMakeTmp/CheckSymbolExists.cxx
/users/yifann/research/leveldb/leveldb/cmake-build-remote/CMakeFiles/CMakeTmp/CheckSymbolExists.cxx: In function ‘int main(int, char**)’:
/users/yifann/research/leveldb/leveldb/cmake-build-remote/CMakeFiles/CMakeTmp/CheckSymbolExists.cxx:8:19: error: ‘F_FULLFSYNC’ was not declared in this scope
   return ((int*)(&F_FULLFSYNC))[argc];
                   ^
CMakeFiles/cmTC_11f67.dir/build.make:65: recipe for target 'CMakeFiles/cmTC_11f67.dir/CheckSymbolExists.cxx.o' failed
make[1]: *** [CMakeFiles/cmTC_11f67.dir/CheckSymbolExists.cxx.o] Error 1
make[1]: Leaving directory '/users/yifann/research/leveldb/leveldb/cmake-build-remote/CMakeFiles/CMakeTmp'
Makefile:121: recipe for target 'cmTC_11f67/fast' failed
make: *** [cmTC_11f67/fast] Error 2


File /users/yifann/research/leveldb/leveldb/cmake-build-remote/CMakeFiles/CMakeTmp/CheckSymbolExists.cxx:
/* */
#include <fcntl.h>

int main(int argc, char** argv)
{
  (void)argv;
#ifndef F_FULLFSYNC
  return ((int*)(&F_FULLFSYNC))[argc];
#else
  (void)argc;
  return 0;
#endif
}

Performing C++ SOURCE FILE Test HAVE_CLANG_THREAD_SAFETY failed with the following output:
Change Dir: /users/yifann/research/leveldb/leveldb/cmake-build-remote/CMakeFiles/CMakeTmp

Run Build Command(s):/usr/bin/make cmTC_46905/fast && /usr/bin/make -f CMakeFiles/cmTC_46905.dir/build.make CMakeFiles/cmTC_46905.dir/build
make[1]: Entering directory '/users/yifann/research/leveldb/leveldb/cmake-build-remote/CMakeFiles/CMakeTmp'
Building CXX object CMakeFiles/cmTC_46905.dir/src.cxx.o
/usr/bin/c++    -DHAVE_CLANG_THREAD_SAFETY -Werror   -o CMakeFiles/cmTC_46905.dir/src.cxx.o -c /users/yifann/research/leveldb/leveldb/cmake-build-remote/CMakeFiles/CMakeTmp/src.cxx
/users/yifann/research/leveldb/leveldb/cmake-build-remote/CMakeFiles/CMakeTmp/src.cxx:2:34: error: ‘lockable’ attribute directive ignored [-Werror=attributes]
 struct __attribute__((lockable)) Lock {
                                  ^
/users/yifann/research/leveldb/leveldb/cmake-build-remote/CMakeFiles/CMakeTmp/src.cxx:3:59: error: ‘exclusive_lock_function’ attribute directive ignored [-Werror=attributes]
   void Acquire() __attribute__((exclusive_lock_function()));
                                                           ^
/users/yifann/research/leveldb/leveldb/cmake-build-remote/CMakeFiles/CMakeTmp/src.cxx:4:51: error: ‘unlock_function’ attribute directive ignored [-Werror=attributes]
   void Release() __attribute__((unlock_function()));
                                                   ^
/users/yifann/research/leveldb/leveldb/cmake-build-remote/CMakeFiles/CMakeTmp/src.cxx:8:46: error: ‘guarded_by’ attribute directive ignored [-Werror=attributes]
   int data_ __attribute__((guarded_by(lock_)));
                                              ^
cc1plus: all warnings being treated as errors
CMakeFiles/cmTC_46905.dir/build.make:65: recipe for target 'CMakeFiles/cmTC_46905.dir/src.cxx.o' failed
make[1]: *** [CMakeFiles/cmTC_46905.dir/src.cxx.o] Error 1
make[1]: Leaving directory '/users/yifann/research/leveldb/leveldb/cmake-build-remote/CMakeFiles/CMakeTmp'
Makefile:121: recipe for target 'cmTC_46905/fast' failed
make: *** [cmTC_46905/fast] Error 2


Source file was:

struct __attribute__((lockable)) Lock {
  void Acquire() __attribute__((exclusive_lock_function()));
  void Release() __attribute__((unlock_function()));
};
struct ThreadSafeType {
  Lock lock_;
  int data_ __attribute__((guarded_by(lock_)));
};
int main() { return 0; }

Performing C SOURCE FILE Test CMAKE_HAVE_LIBC_PTHREAD failed with the following output:
Change Dir: /users/yifann/research/leveldb/leveldb/cmake-build-remote/CMakeFiles/CMakeTmp

Run Build Command(s):/usr/bin/make cmTC_1e85e/fast && /usr/bin/make -f CMakeFiles/cmTC_1e85e.dir/build.make CMakeFiles/cmTC_1e85e.dir/build
make[1]: Entering directory '/users/yifann/research/leveldb/leveldb/cmake-build-remote/CMakeFiles/CMakeTmp'
Building C object CMakeFiles/cmTC_1e85e.dir/src.c.o
/usr/bin/cc   -DCMAKE_HAVE_LIBC_PTHREAD   -o CMakeFiles/cmTC_1e85e.dir/src.c.o   -c /users/yifann/research/leveldb/leveldb/cmake-build-remote/CMakeFiles/CMakeTmp/src.c
Linking C executable cmTC_1e85e
/usr/local/bin/cmake -E cmake_link_script CMakeFiles/cmTC_1e85e.dir/link.txt --verbose=1
/usr/bin/cc  -DCMAKE_HAVE_LIBC_PTHREAD    CMakeFiles/cmTC_1e85e.dir/src.c.o  -o cmTC_1e85e 
CMakeFiles/cmTC_1e85e.dir/src.c.o: In function `main':
src.c:(.text+0x3c): undefined reference to `pthread_create'
src.c:(.text+0x48): undefined reference to `pthread_detach'
src.c:(.text+0x59): undefined reference to `pthread_join'
src.c:(.text+0x6d): undefined reference to `pthread_atfork'
collect2: error: ld returned 1 exit status
CMakeFiles/cmTC_1e85e.dir/build.make:86: recipe for target 'cmTC_1e85e' failed
make[1]: *** [cmTC_1e85e] Error 1
make[1]: Leaving directory '/users/yifann/research/leveldb/leveldb/cmake-build-remote/CMakeFiles/CMakeTmp'
Makefile:121: recipe for target 'cmTC_1e85e/fast' failed
make: *** [cmTC_1e85e/fast] Error 2


Source file was:
#include <pthread.h>

void* test_func(void* data)
{
  return data;
}

int main(void)
{
  pthread_t thread;
  pthread_create(&thread, NULL, test_func, NULL);
  pthread_detach(thread);
  pthread_join(thread, NULL);
  pthread_atfork(NULL, NULL, NULL);
  pthread_exit(NULL);

  return 0;
}

Determining if the function pthread_create exists in the pthreads failed with the following output:
Change Dir: /users/yifann/research/leveldb/leveldb/cmake-build-remote/CMakeFiles/CMakeTmp

Run Build Command(s):/usr/bin/make cmTC_65516/fast && /usr/bin/make -f CMakeFiles/cmTC_65516.dir/build.make CMakeFiles/cmTC_65516.dir/build
make[1]: Entering directory '/users/yifann/research/leveldb/leveldb/cmake-build-remote/CMakeFiles/CMakeTmp'
Building C object CMakeFiles/cmTC_65516.dir/CheckFunctionExists.c.o
/usr/bin/cc   -DCHECK_FUNCTION_EXISTS=pthread_create   -o CMakeFiles/cmTC_65516.dir/CheckFunctionExists.c.o   -c /usr/local/share/cmake-3.15/Modules/CheckFunctionExists.c
Linking C executable cmTC_65516
/usr/local/bin/cmake -E cmake_link_script CMakeFiles/cmTC_65516.dir/link.txt --verbose=1
/usr/bin/cc  -DCHECK_FUNCTION_EXISTS=pthread_create    CMakeFiles/cmTC_65516.dir/CheckFunctionExists.c.o  -o cmTC_65516 -lpthreads 
/usr/bin/ld: cannot find -lpthreads
collect2: error: ld returned 1 exit status
CMakeFiles/cmTC_65516.dir/build.make:86: recipe for target 'cmTC_65516' failed
make[1]: *** [cmTC_65516] Error 1
make[1]: Leaving directory '/users/yifann/research/leveldb/leveldb/cmake-build-remote/CMakeFiles/CMakeTmp'
Makefile:121: recipe for target 'cmTC_65516/fast' failed
make: *** [cmTC_65516/fast] Error 2



Determining if the function sqlite3_open exists in the sqlite3 failed with the following output:
Change Dir: /users/yifann/research/leveldb/leveldb/cmake-build-remote/CMakeFiles/CMakeTmp

Run Build Command(s):/usr/bin/make cmTC_8fb65/fast && /usr/bin/make -f CMakeFiles/cmTC_8fb65.dir/build.make CMakeFiles/cmTC_8fb65.dir/build
make[1]: Entering directory '/users/yifann/research/leveldb/leveldb/cmake-build-remote/CMakeFiles/CMakeTmp'
Building C object CMakeFiles/cmTC_8fb65.dir/CheckFunctionExists.c.o
/usr/bin/cc   -DCHECK_FUNCTION_EXISTS=sqlite3_open   -o CMakeFiles/cmTC_8fb65.dir/CheckFunctionExists.c.o   -c /usr/local/share/cmake-3.15/Modules/CheckFunctionExists.c
Linking C executable cmTC_8fb65
/usr/local/bin/cmake -E cmake_link_script CMakeFiles/cmTC_8fb65.dir/link.txt --verbose=1
/usr/bin/cc  -DCHECK_FUNCTION_EXISTS=sqlite3_open    CMakeFiles/cmTC_8fb65.dir/CheckFunctionExists.c.o  -o cmTC_8fb65 -lsqlite3 
/usr/bin/ld: cannot find -lsqlite3
collect2: error: ld returned 1 exit status
CMakeFiles/cmTC_8fb65.dir/build.make:86: recipe for target 'cmTC_8fb65' failed
make[1]: *** [cmTC_8fb65] Error 1
make[1]: Leaving directory '/users/yifann/research/leveldb/leveldb/cmake-build-remote/CMakeFiles/CMakeTmp'
Makefile:121: recipe for target 'cmTC_8fb65/fast' failed
make: *** [cmTC_8fb65/fast] Error 2



Performing C++ SOURCE FILE Test HAVE_KYOTOCABINET failed with the following output:
Change Dir: /users/yifann/research/leveldb/leveldb/cmake-build-remote/CMakeFiles/CMakeTmp

Run Build Command(s):/usr/bin/make cmTC_c126b/fast && /usr/bin/make -f CMakeFiles/cmTC_c126b.dir/build.make CMakeFiles/cmTC_c126b.dir/build
make[1]: Entering directory '/users/yifann/research/leveldb/leveldb/cmake-build-remote/CMakeFiles/CMakeTmp'
Building CXX object CMakeFiles/cmTC_c126b.dir/src.cxx.o
/usr/bin/c++    -DHAVE_KYOTOCABINET   -o CMakeFiles/cmTC_c126b.dir/src.cxx.o -c /users/yifann/research/leveldb/leveldb/cmake-build-remote/CMakeFiles/CMakeTmp/src.cxx
/users/yifann/research/leveldb/leveldb/cmake-build-remote/CMakeFiles/CMakeTmp/src.cxx:2:22: fatal error: kcpolydb.h: No such file or directory
compilation terminated.
CMakeFiles/cmTC_c126b.dir/build.make:65: recipe for target 'CMakeFiles/cmTC_c126b.dir/src.cxx.o' failed
make[1]: *** [CMakeFiles/cmTC_c126b.dir/src.cxx.o] Error 1
make[1]: Leaving directory '/users/yifann/research/leveldb/leveldb/cmake-build-remote/CMakeFiles/CMakeTmp'
Makefile:121: recipe for target 'cmTC_c126b/fast' failed
make: *** [cmTC_c126b/fast] Error 2


Source file was:

#include <kcpolydb.h>

int main() {
  kyotocabinet::TreeDB* db = new kyotocabinet::TreeDB();
  delete db;
  return 0;
}
  
