Determining if the function crc32c_value exists in the crc32c failed with the following output:
Change Dir: /home/lk/index_rocksdb/learned-leveldb/build/CMakeFiles/CMakeTmp

Run Build Command(s):/usr/bin/gmake cmTC_6ce6f/fast && /usr/bin/gmake  -f CMakeFiles/cmTC_6ce6f.dir/build.make CMakeFiles/cmTC_6ce6f.dir/build
gmake[1]: Entering directory `/home/lk/index_rocksdb/learned-leveldb/build/CMakeFiles/CMakeTmp'
Building C object CMakeFiles/cmTC_6ce6f.dir/CheckFunctionExists.c.o
/opt/rh/devtoolset-9/root/usr/bin/cc   -DCHECK_FUNCTION_EXISTS=crc32c_value   -o CMakeFiles/cmTC_6ce6f.dir/CheckFunctionExists.c.o   -c /usr/share/cmake3/Modules/CheckFunctionExists.c
Linking C executable cmTC_6ce6f
/usr/bin/cmake3 -E cmake_link_script CMakeFiles/cmTC_6ce6f.dir/link.txt --verbose=1
/opt/rh/devtoolset-9/root/usr/bin/cc  -DCHECK_FUNCTION_EXISTS=crc32c_value    CMakeFiles/cmTC_6ce6f.dir/CheckFunctionExists.c.o  -o cmTC_6ce6f  -lcrc32c 
/opt/rh/devtoolset-9/root/usr/libexec/gcc/x86_64-redhat-linux/9/ld: cannot find -lcrc32c
collect2: error: ld returned 1 exit status
gmake[1]: *** [cmTC_6ce6f] Error 1
gmake[1]: Leaving directory `/home/lk/index_rocksdb/learned-leveldb/build/CMakeFiles/CMakeTmp'
gmake: *** [cmTC_6ce6f/fast] Error 2



Determining if the F_FULLFSYNC exist failed with the following output:
Change Dir: /home/lk/index_rocksdb/learned-leveldb/build/CMakeFiles/CMakeTmp

Run Build Command(s):/usr/bin/gmake cmTC_02dcf/fast && /usr/bin/gmake  -f CMakeFiles/cmTC_02dcf.dir/build.make CMakeFiles/cmTC_02dcf.dir/build
gmake[1]: Entering directory `/home/lk/index_rocksdb/learned-leveldb/build/CMakeFiles/CMakeTmp'
Building CXX object CMakeFiles/cmTC_02dcf.dir/CheckSymbolExists.cxx.o
/opt/rh/devtoolset-9/root/usr/bin/c++     -o CMakeFiles/cmTC_02dcf.dir/CheckSymbolExists.cxx.o -c /home/lk/index_rocksdb/learned-leveldb/build/CMakeFiles/CMakeTmp/CheckSymbolExists.cxx
/home/lk/index_rocksdb/learned-leveldb/build/CMakeFiles/CMakeTmp/CheckSymbolExists.cxx: In function ‘int main(int, char**)’:
/home/lk/index_rocksdb/learned-leveldb/build/CMakeFiles/CMakeTmp/CheckSymbolExists.cxx:8:19: error: ‘F_FULLFSYNC’ was not declared in this scope
    8 |   return ((int*)(&F_FULLFSYNC))[argc];
      |                   ^~~~~~~~~~~
gmake[1]: *** [CMakeFiles/cmTC_02dcf.dir/CheckSymbolExists.cxx.o] Error 1
gmake[1]: Leaving directory `/home/lk/index_rocksdb/learned-leveldb/build/CMakeFiles/CMakeTmp'
gmake: *** [cmTC_02dcf/fast] Error 2


File /home/lk/index_rocksdb/learned-leveldb/build/CMakeFiles/CMakeTmp/CheckSymbolExists.cxx:
/* */
#include <fcntl.h>

int main(int argc, char** argv)
{
  (void)argv;
#ifndef F_FULLFSYNC
  return ((int*)(&F_FULLFSYNC))[argc];
#else
  (void)argc;
  return 0;
#endif
}
Performing C++ SOURCE FILE Test HAVE_CLANG_THREAD_SAFETY failed with the following output:
Change Dir: /home/lk/index_rocksdb/learned-leveldb/build/CMakeFiles/CMakeTmp

Run Build Command(s):/usr/bin/gmake cmTC_8e27a/fast && /usr/bin/gmake  -f CMakeFiles/cmTC_8e27a.dir/build.make CMakeFiles/cmTC_8e27a.dir/build
gmake[1]: Entering directory `/home/lk/index_rocksdb/learned-leveldb/build/CMakeFiles/CMakeTmp'
Building CXX object CMakeFiles/cmTC_8e27a.dir/src.cxx.o
/opt/rh/devtoolset-9/root/usr/bin/c++    -DHAVE_CLANG_THREAD_SAFETY -Werror   -o CMakeFiles/cmTC_8e27a.dir/src.cxx.o -c /home/lk/index_rocksdb/learned-leveldb/build/CMakeFiles/CMakeTmp/src.cxx
/home/lk/index_rocksdb/learned-leveldb/build/CMakeFiles/CMakeTmp/src.cxx:2:34: error: ‘lockable’ attribute directive ignored [-Werror=attributes]
    2 | struct __attribute__((lockable)) Lock {
      |                                  ^~~~
/home/lk/index_rocksdb/learned-leveldb/build/CMakeFiles/CMakeTmp/src.cxx:3:59: error: ‘exclusive_lock_function’ attribute directive ignored [-Werror=attributes]
    3 |   void Acquire() __attribute__((exclusive_lock_function()));
      |                                                           ^
/home/lk/index_rocksdb/learned-leveldb/build/CMakeFiles/CMakeTmp/src.cxx:4:51: error: ‘unlock_function’ attribute directive ignored [-Werror=attributes]
    4 |   void Release() __attribute__((unlock_function()));
      |                                                   ^
/home/lk/index_rocksdb/learned-leveldb/build/CMakeFiles/CMakeTmp/src.cxx:8:46: error: ‘guarded_by’ attribute directive ignored [-Werror=attributes]
    8 |   int data_ __attribute__((guarded_by(lock_)));
      |                                              ^
cc1plus: all warnings being treated as errors
gmake[1]: *** [CMakeFiles/cmTC_8e27a.dir/src.cxx.o] Error 1
gmake[1]: Leaving directory `/home/lk/index_rocksdb/learned-leveldb/build/CMakeFiles/CMakeTmp'
gmake: *** [cmTC_8e27a/fast] Error 2


Source file was:

struct __attribute__((lockable)) Lock {
  void Acquire() __attribute__((exclusive_lock_function()));
  void Release() __attribute__((unlock_function()));
};
struct ThreadSafeType {
  Lock lock_;
  int data_ __attribute__((guarded_by(lock_)));
};
int main() { return 0; }

Performing C SOURCE FILE Test CMAKE_HAVE_LIBC_PTHREAD failed with the following output:
Change Dir: /home/lk/index_rocksdb/learned-leveldb/build/CMakeFiles/CMakeTmp

Run Build Command(s):/usr/bin/gmake cmTC_6b6d9/fast && /usr/bin/gmake  -f CMakeFiles/cmTC_6b6d9.dir/build.make CMakeFiles/cmTC_6b6d9.dir/build
gmake[1]: Entering directory `/home/lk/index_rocksdb/learned-leveldb/build/CMakeFiles/CMakeTmp'
Building C object CMakeFiles/cmTC_6b6d9.dir/src.c.o
/opt/rh/devtoolset-9/root/usr/bin/cc   -DCMAKE_HAVE_LIBC_PTHREAD -Werror   -o CMakeFiles/cmTC_6b6d9.dir/src.c.o   -c /home/lk/index_rocksdb/learned-leveldb/build/CMakeFiles/CMakeTmp/src.c
Linking C executable cmTC_6b6d9
/usr/bin/cmake3 -E cmake_link_script CMakeFiles/cmTC_6b6d9.dir/link.txt --verbose=1
/opt/rh/devtoolset-9/root/usr/bin/cc  -DCMAKE_HAVE_LIBC_PTHREAD -Werror    CMakeFiles/cmTC_6b6d9.dir/src.c.o  -o cmTC_6b6d9 
/opt/rh/devtoolset-9/root/usr/libexec/gcc/x86_64-redhat-linux/9/ld: CMakeFiles/cmTC_6b6d9.dir/src.c.o: in function `main':
src.c:(.text+0x2d): undefined reference to `pthread_create'
/opt/rh/devtoolset-9/root/usr/libexec/gcc/x86_64-redhat-linux/9/ld: src.c:(.text+0x39): undefined reference to `pthread_detach'
/opt/rh/devtoolset-9/root/usr/libexec/gcc/x86_64-redhat-linux/9/ld: src.c:(.text+0x45): undefined reference to `pthread_cancel'
/opt/rh/devtoolset-9/root/usr/libexec/gcc/x86_64-redhat-linux/9/ld: src.c:(.text+0x56): undefined reference to `pthread_join'
/opt/rh/devtoolset-9/root/usr/libexec/gcc/x86_64-redhat-linux/9/ld: src.c:(.text+0x6a): undefined reference to `pthread_atfork'
collect2: error: ld returned 1 exit status
gmake[1]: *** [cmTC_6b6d9] Error 1
gmake[1]: Leaving directory `/home/lk/index_rocksdb/learned-leveldb/build/CMakeFiles/CMakeTmp'
gmake: *** [cmTC_6b6d9/fast] Error 2


Source file was:
#include <pthread.h>

void* test_func(void* data)
{
  return data;
}

int main(void)
{
  pthread_t thread;
  pthread_create(&thread, NULL, test_func, NULL);
  pthread_detach(thread);
  pthread_cancel(thread);
  pthread_join(thread, NULL);
  pthread_atfork(NULL, NULL, NULL);
  pthread_exit(NULL);

  return 0;
}

Determining if the function pthread_create exists in the pthreads failed with the following output:
Change Dir: /home/lk/index_rocksdb/learned-leveldb/build/CMakeFiles/CMakeTmp

Run Build Command(s):/usr/bin/gmake cmTC_ba47b/fast && /usr/bin/gmake  -f CMakeFiles/cmTC_ba47b.dir/build.make CMakeFiles/cmTC_ba47b.dir/build
gmake[1]: Entering directory `/home/lk/index_rocksdb/learned-leveldb/build/CMakeFiles/CMakeTmp'
Building C object CMakeFiles/cmTC_ba47b.dir/CheckFunctionExists.c.o
/opt/rh/devtoolset-9/root/usr/bin/cc   -DCHECK_FUNCTION_EXISTS=pthread_create -Werror   -o CMakeFiles/cmTC_ba47b.dir/CheckFunctionExists.c.o   -c /usr/share/cmake3/Modules/CheckFunctionExists.c
Linking C executable cmTC_ba47b
/usr/bin/cmake3 -E cmake_link_script CMakeFiles/cmTC_ba47b.dir/link.txt --verbose=1
/opt/rh/devtoolset-9/root/usr/bin/cc  -DCHECK_FUNCTION_EXISTS=pthread_create -Werror    CMakeFiles/cmTC_ba47b.dir/CheckFunctionExists.c.o  -o cmTC_ba47b  -lpthreads 
/opt/rh/devtoolset-9/root/usr/libexec/gcc/x86_64-redhat-linux/9/ld: cannot find -lpthreads
collect2: error: ld returned 1 exit status
gmake[1]: *** [cmTC_ba47b] Error 1
gmake[1]: Leaving directory `/home/lk/index_rocksdb/learned-leveldb/build/CMakeFiles/CMakeTmp'
gmake: *** [cmTC_ba47b/fast] Error 2



Determining if the function sqlite3_open exists in the sqlite3 failed with the following output:
Change Dir: /home/lk/index_rocksdb/learned-leveldb/build/CMakeFiles/CMakeTmp

Run Build Command(s):/usr/bin/gmake cmTC_72378/fast && /usr/bin/gmake  -f CMakeFiles/cmTC_72378.dir/build.make CMakeFiles/cmTC_72378.dir/build
gmake[1]: Entering directory `/home/lk/index_rocksdb/learned-leveldb/build/CMakeFiles/CMakeTmp'
Building C object CMakeFiles/cmTC_72378.dir/CheckFunctionExists.c.o
/opt/rh/devtoolset-9/root/usr/bin/cc   -DCHECK_FUNCTION_EXISTS=sqlite3_open -Werror   -o CMakeFiles/cmTC_72378.dir/CheckFunctionExists.c.o   -c /usr/share/cmake3/Modules/CheckFunctionExists.c
Linking C executable cmTC_72378
/usr/bin/cmake3 -E cmake_link_script CMakeFiles/cmTC_72378.dir/link.txt --verbose=1
/opt/rh/devtoolset-9/root/usr/bin/cc  -DCHECK_FUNCTION_EXISTS=sqlite3_open -Werror    CMakeFiles/cmTC_72378.dir/CheckFunctionExists.c.o  -o cmTC_72378  -lsqlite3 
/opt/rh/devtoolset-9/root/usr/libexec/gcc/x86_64-redhat-linux/9/ld: cannot find -lsqlite3
collect2: error: ld returned 1 exit status
gmake[1]: *** [cmTC_72378] Error 1
gmake[1]: Leaving directory `/home/lk/index_rocksdb/learned-leveldb/build/CMakeFiles/CMakeTmp'
gmake: *** [cmTC_72378/fast] Error 2



Performing C++ SOURCE FILE Test HAVE_KYOTOCABINET failed with the following output:
Change Dir: /home/lk/index_rocksdb/learned-leveldb/build/CMakeFiles/CMakeTmp

Run Build Command(s):/usr/bin/gmake cmTC_59a9b/fast && /usr/bin/gmake  -f CMakeFiles/cmTC_59a9b.dir/build.make CMakeFiles/cmTC_59a9b.dir/build
gmake[1]: Entering directory `/home/lk/index_rocksdb/learned-leveldb/build/CMakeFiles/CMakeTmp'
Building CXX object CMakeFiles/cmTC_59a9b.dir/src.cxx.o
/opt/rh/devtoolset-9/root/usr/bin/c++    -DHAVE_KYOTOCABINET -Werror   -o CMakeFiles/cmTC_59a9b.dir/src.cxx.o -c /home/lk/index_rocksdb/learned-leveldb/build/CMakeFiles/CMakeTmp/src.cxx
/home/lk/index_rocksdb/learned-leveldb/build/CMakeFiles/CMakeTmp/src.cxx:2:10: fatal error: kcpolydb.h: No such file or directory
    2 | #include <kcpolydb.h>
      |          ^~~~~~~~~~~~
compilation terminated.
gmake[1]: *** [CMakeFiles/cmTC_59a9b.dir/src.cxx.o] Error 1
gmake[1]: Leaving directory `/home/lk/index_rocksdb/learned-leveldb/build/CMakeFiles/CMakeTmp'
gmake: *** [cmTC_59a9b/fast] Error 2


Source file was:

#include <kcpolydb.h>

int main() {
  kyotocabinet::TreeDB* db = new kyotocabinet::TreeDB();
  delete db;
  return 0;
}
  
